<?xml version="1.0" encoding="UTF-8"?>
<!-- Generated by org.testng.reporters.JUnitXMLReporter -->
<testsuite ignored="4" hostname="SWAPNIL-PC" failures="0" tests="3" name="Test" time="0.138" errors="0" timestamp="2010-01-01T02:08:20 IST">
  <testcase classname="TestNG.TestNG_Group" name="TC2" time="0.017"/>
  <testcase classname="TestNG.TestNG_Group" name="TC3" time="0.004"/>
  <testcase classname="TestNG.TestNG_Group" name="TC4" time="0.003"/>
  <testcase classname="TestNG.TestNG_Group" name="TC1" time="0.0">
    <ignored/>
  </testcase> <!-- TC1 -->
  <testcase classname="TestNG.TestNG_Group" name="TC6" time="0.0">
    <ignored/>
  </testcase> <!-- TC6 -->
  <testcase classname="TestNG.TestNG_Group" name="TC5" time="0.0">
    <ignored/>
  </testcase> <!-- TC5 -->
  <testcase classname="TestNG.TestNG_Group" name="TC7" time="0.0">
    <ignored/>
  </testcase> <!-- TC7 -->
</testsuite> <!-- Test -->
