<?xml version="1.0" encoding="UTF-8"?>
<!-- Generated by org.testng.reporters.JUnitXMLReporter -->
<testsuite ignored="3" hostname="SWAPNIL-PC" failures="0" tests="1" name="Test(failed)" time="0.097" errors="0" timestamp="2010-01-01T01:58:30 IST">
  <testcase classname="TestNG.sample2" name="TC6" time="0.016"/>
  <testcase classname="TestNG.sample2" name="TC4" time="0.0">
    <ignored/>
  </testcase> <!-- TC4 -->
  <testcase classname="TestNG.sample2" name="TC7" time="0.0">
    <ignored/>
  </testcase> <!-- TC7 -->
  <testcase classname="TestNG.sample2" name="TC5" time="0.0">
    <ignored/>
  </testcase> <!-- TC5 -->
</testsuite> <!-- Test(failed) -->
